<?xml version="1.0" encoding="UTF-8"?>
<!-- Generated by org.testng.reporters.JUnitReportReporter -->
<testsuite hostname="Nandhas-MacBook-Air.local" failures="0" tests="1" name="AdNabuTestStore.AddRemoveItemTestcase" time="39.090" errors="0" timestamp="2024-01-05T17:44:11 IST" skipped="0">
  <testcase classname="AdNabuTestStore.AddRemoveItemTestcase" name="placeOrder" time="39.090"/>
  <system-out/>
</testsuite> <!-- AdNabuTestStore.AddRemoveItemTestcase -->
