<?xml version="1.0" encoding="UTF-8"?>
<!-- Generated by org.testng.reporters.JUnitReportReporter -->
<testsuite hostname="Nandhas-MacBook-Air.local" failures="0" tests="1" name="AdNabuTestStore.TestStoreSearchProduct" time="20.473" errors="0" timestamp="2024-01-05T13:52:22 IST" skipped="0">
  <testcase classname="AdNabuTestStore.TestStoreSearchProduct" name="SearchProduct" time="20.473"/>
  <system-out/>
</testsuite> <!-- AdNabuTestStore.TestStoreSearchProduct -->
